
> girl-boss@0.1.0 dev
> next dev

 ⚠ Port 3000 is in use by process 1415, using available port 3001 instead.
 ⚠ Warning: Next.js inferred your workspace root, but it may not be correct.
 We detected multiple lockfiles and selected the directory of /Users/jyoshithamadhavarapu/package-lock.json as the root directory.
 To silence this warning, set `turbopack.root` in your Next.js config, or consider removing one of the lockfiles if it's not needed.
   See https://nextjs.org/docs/app/api-reference/config/next-config-js/turbopack#root-directory for more information.
 Detected additional lockfiles: 
   * /Users/jyoshithamadhavarapu/Documents/TAMUDatathon25/girl-boss/package-lock.json

   ▲ Next.js 16.0.1 (Turbopack)
   - Local:        http://localhost:3001
   - Network:      http://10.169.1.177:3001
   - Environments: .env

 ✓ Starting...
 ✓ Ready in 620ms
 GET / 200 in 1287ms (compile: 1136ms, render: 151ms)
[next-auth][warn][NEXTAUTH_URL] 
https://next-auth.js.org/warnings#nextauth_url
 GET /api/auth/session 200 in 743ms (compile: 720ms, render: 23ms)
 GET /home 200 in 334ms (compile: 315ms, render: 20ms)
 POST /api/location 200 in 92ms (compile: 87ms, render: 4ms)
 POST /api/location 200 in 94ms (compile: 92ms, render: 2ms)
 POST /api/location 200 in 13ms (compile: 6ms, render: 7ms)
 POST /api/location 200 in 6ms (compile: 1835µs, render: 4ms)
 POST /api/location 200 in 13ms (compile: 6ms, render: 7ms)
 GET /trip-options?destination=HEB&transport=driving&startLat=30.62124304414297&startLon=-96.34246481364401&endLat=30.6119315&endLon=-96.3185421 200 in 215ms (compile: 198ms, render: 17ms)
 POST /api/route 200 in 290ms (compile: 48ms, render: 242ms)
 POST /api/route 200 in 344ms (compile: 62ms, render: 282ms)
 POST /api/route 200 in 360ms (compile: 75ms, render: 285ms)
 POST /api/route 200 in 424ms (compile: 55ms, render: 369ms)
 POST /api/route 200 in 508ms (compile: 65ms, render: 443ms)
 POST /api/route 200 in 587ms (compile: 58ms, render: 529ms)
 GET / 200 in 27ms (compile: 6ms, render: 21ms)
 GET /home 200 in 26ms (compile: 7ms, render: 19ms)
 POST /api/location 200 in 5ms (compile: 1790µs, render: 3ms)
 POST /api/location 200 in 3ms (compile: 1057µs, render: 1809µs)
